# JRE version: OpenJDK Runtime Environment AdoptOpenJDK-11.0.11+9 (11.0.11+9) (build 11.0.11+9)
# Java VM: OpenJDK 64-Bit Server VM AdoptOpenJDK-11.0.11+9 (11.0.11+9, mixed mode, tiered, compressed oops, g1 gc, bsd-amd64)
Heap:
 garbage-first heap   total 262144K, used 35672K [0x0000000700000000, 0x0000000800000000)
  region size 1024K, 11 young (11264K), 6 survivors (6144K)
 Metaspace       used 39060K, capacity 40649K, committed 40960K, reserved 1085440K
  class space    used 4947K, capacity 5619K, committed 5632K, reserved 1048576K
GC Heap History (10 events):
Event: 0.711 GC heap before
{Heap before GC invocations=0 (full 0):
 garbage-first heap   total 262144K, used 13312K [0x0000000700000000, 0x0000000800000000)
  region size 1024K, 14 young (14336K), 0 survivors (0K)
 Metaspace       used 9139K, capacity 9440K, committed 9600K, reserved 1058816K
  class space    used 928K, capacity 1047K, committed 1152K, reserved 1048576K
}
Event: 0.715 GC heap after
{Heap after GC invocations=1 (full 0):
 garbage-first heap   total 262144K, used 1830K [0x0000000700000000, 0x0000000800000000)
  region size 1024K, 2 young (2048K), 2 survivors (2048K)
 Metaspace       used 9139K, capacity 9440K, committed 9600K, reserved 1058816K
  class space    used 928K, capacity 1047K, committed 1152K, reserved 1048576K
}
Event: 2.449 GC heap before
{Heap before GC invocations=1 (full 0):
 garbage-first heap   total 262144K, used 37670K [0x0000000700000000, 0x0000000800000000)
  region size 1024K, 38 young (38912K), 2 survivors (2048K)
 Metaspace       used 20508K, capacity 21148K, committed 21248K, reserved 1067008K
  class space    used 2492K, capacity 2779K, committed 2816K, reserved 1048576K
}
Event: 2.477 GC heap after
{Heap after GC invocations=2 (full 0):
 garbage-first heap   total 262144K, used 7688K [0x0000000700000000, 0x0000000800000000)
  region size 1024K, 8 young (8192K), 8 survivors (8192K)
 Metaspace       used 20508K, capacity 21148K, committed 21248K, reserved 1067008K
  class space    used 2492K, capacity 2779K, committed 2816K, reserved 1048576K
}
Event: 49.141 GC heap before
{Heap before GC invocations=3 (full 0):
 garbage-first heap   total 262144K, used 55816K [0x0000000700000000, 0x0000000800000000)
  region size 1024K, 47 young (48128K), 8 survivors (8192K)
 Metaspace       used 33213K, capacity 34120K, committed 34432K, reserved 1079296K
  class space    used 4041K, capacity 4417K, committed 4480K, reserved 1048576K
}
Event: 49.159 GC heap after
{Heap after GC invocations=4 (full 0):
 garbage-first heap   total 262144K, used 15311K [0x0000000700000000, 0x0000000800000000)
  region size 1024K, 5 young (5120K), 5 survivors (5120K)
 Metaspace       used 33213K, capacity 34120K, committed 34432K, reserved 1079296K
  class space    used 4041K, capacity 4417K, committed 4480K, reserved 1048576K
}
Event: 58.949 GC heap before
{Heap before GC invocations=5 (full 0):
 garbage-first heap   total 262144K, used 54223K [0x0000000700000000, 0x0000000800000000)
  region size 1024K, 43 young (44032K), 5 survivors (5120K)
 Metaspace       used 36876K, capacity 38160K, committed 38528K, reserved 1083392K
  class space    used 4654K, capacity 5194K, committed 5248K, reserved 1048576K
}
Event: 58.975 GC heap after
{Heap after GC invocations=6 (full 0):
 garbage-first heap   total 262144K, used 23552K [0x0000000700000000, 0x0000000800000000)
  region size 1024K, 6 young (6144K), 6 survivors (6144K)
 Metaspace       used 36876K, capacity 38160K, committed 38528K, reserved 1083392K
  class space    used 4654K, capacity 5194K, committed 5248K, reserved 1048576K
}
Event: 112.903 GC heap before
{Heap before GC invocations=6 (full 0):
 garbage-first heap   total 262144K, used 59392K [0x0000000700000000, 0x0000000800000000)
  region size 1024K, 42 young (43008K), 6 survivors (6144K)
 Metaspace       used 38990K, capacity 40515K, committed 40704K, reserved 1085440K
  class space    used 4947K, capacity 5618K, committed 5632K, reserved 1048576K
}
Event: 114.085 GC heap after
{Heap after GC invocations=7 (full 0):
 garbage-first heap   total 262144K, used 31576K [0x0000000700000000, 0x0000000800000000)
  region size 1024K, 6 young (6144K), 6 survivors (6144K)
 Metaspace       used 38990K, capacity 40515K, committed 40704K, reserved 1085440K
  class space    used 4947K, capacity 5618K, committed 5632K, reserved 1048576K
}

