# JRE version: OpenJDK Runtime Environment AdoptOpenJDK-11.0.11+9 (11.0.11+9) (build 11.0.11+9)
# Java VM: OpenJDK 64-Bit Server VM AdoptOpenJDK-11.0.11+9 (11.0.11+9, mixed mode, tiered, compressed oops, g1 gc, bsd-amd64)
Heap:
 garbage-first heap   total 262144K, used 25258K [0x0000000700000000, 0x0000000800000000)
  region size 1024K, 12 young (12288K), 3 survivors (3072K)
 Metaspace       used 35829K, capacity 37195K, committed 37376K, reserved 1081344K
  class space    used 4548K, capacity 5152K, committed 5248K, reserved 1048576K
GC Heap History (8 events):
Event: 0.525 GC heap before
{Heap before GC invocations=0 (full 0):
 garbage-first heap   total 262144K, used 13312K [0x0000000700000000, 0x0000000800000000)
  region size 1024K, 14 young (14336K), 0 survivors (0K)
 Metaspace       used 9031K, capacity 9303K, committed 9472K, reserved 1058816K
  class space    used 913K, capacity 1023K, committed 1024K, reserved 1048576K
}
Event: 0.528 GC heap after
{Heap after GC invocations=1 (full 0):
 garbage-first heap   total 262144K, used 2121K [0x0000000700000000, 0x0000000800000000)
  region size 1024K, 2 young (2048K), 2 survivors (2048K)
 Metaspace       used 9031K, capacity 9303K, committed 9472K, reserved 1058816K
  class space    used 913K, capacity 1023K, committed 1024K, reserved 1048576K
}
Event: 4.554 GC heap before
{Heap before GC invocations=1 (full 0):
 garbage-first heap   total 262144K, used 36937K [0x0000000700000000, 0x0000000800000000)
  region size 1024K, 37 young (37888K), 2 survivors (2048K)
 Metaspace       used 20485K, capacity 21138K, committed 21248K, reserved 1067008K
  class space    used 2466K, capacity 2777K, committed 2816K, reserved 1048576K
}
Event: 4.567 GC heap after
{Heap after GC invocations=2 (full 0):
 garbage-first heap   total 262144K, used 7088K [0x0000000700000000, 0x0000000800000000)
  region size 1024K, 7 young (7168K), 7 survivors (7168K)
 Metaspace       used 20485K, capacity 21138K, committed 21248K, reserved 1067008K
  class space    used 2466K, capacity 2777K, committed 2816K, reserved 1048576K
}
Event: 9.375 GC heap before
{Heap before GC invocations=3 (full 0):
 garbage-first heap   total 262144K, used 46000K [0x0000000700000000, 0x0000000800000000)
  region size 1024K, 44 young (45056K), 7 survivors (7168K)
 Metaspace       used 33379K, capacity 34583K, committed 34816K, reserved 1079296K
  class space    used 4283K, capacity 4825K, committed 4864K, reserved 1048576K
}
Event: 9.398 GC heap after
{Heap after GC invocations=4 (full 0):
 garbage-first heap   total 262144K, used 14181K [0x0000000700000000, 0x0000000800000000)
  region size 1024K, 5 young (5120K), 5 survivors (5120K)
 Metaspace       used 33379K, capacity 34583K, committed 34816K, reserved 1079296K
  class space    used 4283K, capacity 4825K, committed 4864K, reserved 1048576K
}
Event: 11.895 GC heap before
{Heap before GC invocations=4 (full 0):
 garbage-first heap   total 262144K, used 23397K [0x0000000700000000, 0x0000000800000000)
  region size 1024K, 15 young (15360K), 5 survivors (5120K)
 Metaspace       used 34415K, capacity 35612K, committed 35840K, reserved 1081344K
  class space    used 4356K, capacity 4888K, committed 4992K, reserved 1048576K
}
Event: 11.923 GC heap after
{Heap after GC invocations=5 (full 0):
 garbage-first heap   total 262144K, used 17066K [0x0000000700000000, 0x0000000800000000)
  region size 1024K, 3 young (3072K), 3 survivors (3072K)
 Metaspace       used 34415K, capacity 35612K, committed 35840K, reserved 1081344K
  class space    used 4356K, capacity 4888K, committed 4992K, reserved 1048576K
}

