# JRE version: OpenJDK Runtime Environment AdoptOpenJDK-11.0.11+9 (11.0.11+9) (build 11.0.11+9)
# Java VM: OpenJDK 64-Bit Server VM AdoptOpenJDK-11.0.11+9 (11.0.11+9, mixed mode, tiered, compressed oops, g1 gc, bsd-amd64)
Heap:
 garbage-first heap   total 262144K, used 23956K [0x0000000700000000, 0x0000000800000000)
  region size 1024K, 11 young (11264K), 3 survivors (3072K)
 Metaspace       used 35907K, capacity 37295K, committed 37632K, reserved 1081344K
  class space    used 4549K, capacity 5143K, committed 5248K, reserved 1048576K
GC Heap History (8 events):
Event: 0.632 GC heap before
{Heap before GC invocations=0 (full 0):
 garbage-first heap   total 262144K, used 13312K [0x0000000700000000, 0x0000000800000000)
  region size 1024K, 14 young (14336K), 0 survivors (0K)
 Metaspace       used 9039K, capacity 9303K, committed 9472K, reserved 1058816K
  class space    used 915K, capacity 1023K, committed 1024K, reserved 1048576K
}
Event: 0.635 GC heap after
{Heap after GC invocations=1 (full 0):
 garbage-first heap   total 262144K, used 1841K [0x0000000700000000, 0x0000000800000000)
  region size 1024K, 2 young (2048K), 2 survivors (2048K)
 Metaspace       used 9039K, capacity 9303K, committed 9472K, reserved 1058816K
  class space    used 915K, capacity 1023K, committed 1024K, reserved 1048576K
}
Event: 2.688 GC heap before
{Heap before GC invocations=1 (full 0):
 garbage-first heap   total 262144K, used 36657K [0x0000000700000000, 0x0000000800000000)
  region size 1024K, 37 young (37888K), 2 survivors (2048K)
 Metaspace       used 20489K, capacity 21129K, committed 21248K, reserved 1067008K
  class space    used 2467K, capacity 2774K, committed 2816K, reserved 1048576K
}
Event: 2.702 GC heap after
{Heap after GC invocations=2 (full 0):
 garbage-first heap   total 262144K, used 6881K [0x0000000700000000, 0x0000000800000000)
  region size 1024K, 7 young (7168K), 7 survivors (7168K)
 Metaspace       used 20489K, capacity 21129K, committed 21248K, reserved 1067008K
  class space    used 2467K, capacity 2774K, committed 2816K, reserved 1048576K
}
Event: 6.368 GC heap before
{Heap before GC invocations=3 (full 0):
 garbage-first heap   total 262144K, used 46817K [0x0000000700000000, 0x0000000800000000)
  region size 1024K, 45 young (46080K), 7 survivors (7168K)
 Metaspace       used 33427K, capacity 34616K, committed 34816K, reserved 1079296K
  class space    used 4292K, capacity 4835K, committed 4864K, reserved 1048576K
}
Event: 6.383 GC heap after
{Heap after GC invocations=4 (full 0):
 garbage-first heap   total 262144K, used 14684K [0x0000000700000000, 0x0000000800000000)
  region size 1024K, 6 young (6144K), 6 survivors (6144K)
 Metaspace       used 33427K, capacity 34616K, committed 34816K, reserved 1079296K
  class space    used 4292K, capacity 4835K, committed 4864K, reserved 1048576K
}
Event: 10.968 GC heap before
{Heap before GC invocations=4 (full 0):
 garbage-first heap   total 262144K, used 20828K [0x0000000700000000, 0x0000000800000000)
  region size 1024K, 13 young (13312K), 6 survivors (6144K)
 Metaspace       used 34429K, capacity 35607K, committed 35840K, reserved 1081344K
  class space    used 4360K, capacity 4905K, committed 4992K, reserved 1048576K
}
Event: 10.997 GC heap after
{Heap after GC invocations=5 (full 0):
 garbage-first heap   total 262144K, used 16788K [0x0000000700000000, 0x0000000800000000)
  region size 1024K, 3 young (3072K), 3 survivors (3072K)
 Metaspace       used 34429K, capacity 35607K, committed 35840K, reserved 1081344K
  class space    used 4360K, capacity 4905K, committed 4992K, reserved 1048576K
}

