# JRE version: OpenJDK Runtime Environment AdoptOpenJDK-11.0.11+9 (11.0.11+9) (build 11.0.11+9)
# Java VM: OpenJDK 64-Bit Server VM AdoptOpenJDK-11.0.11+9 (11.0.11+9, mixed mode, tiered, compressed oops, g1 gc, bsd-amd64)
Heap:
 garbage-first heap   total 262144K, used 20195K [0x0000000700000000, 0x0000000800000000)
  region size 1024K, 12 young (12288K), 5 survivors (5120K)
 Metaspace       used 34076K, capacity 35310K, committed 35712K, reserved 1079296K
  class space    used 4358K, capacity 4898K, committed 4992K, reserved 1048576K
GC Heap History (6 events):
Event: 0.788 GC heap before
{Heap before GC invocations=0 (full 0):
 garbage-first heap   total 262144K, used 13312K [0x0000000700000000, 0x0000000800000000)
  region size 1024K, 14 young (14336K), 0 survivors (0K)
 Metaspace       used 9060K, capacity 9303K, committed 9472K, reserved 1058816K
  class space    used 915K, capacity 1023K, committed 1024K, reserved 1048576K
}
Event: 0.791 GC heap after
{Heap after GC invocations=1 (full 0):
 garbage-first heap   total 262144K, used 1882K [0x0000000700000000, 0x0000000800000000)
  region size 1024K, 2 young (2048K), 2 survivors (2048K)
 Metaspace       used 9060K, capacity 9303K, committed 9472K, reserved 1058816K
  class space    used 915K, capacity 1023K, committed 1024K, reserved 1048576K
}
Event: 4.252 GC heap before
{Heap before GC invocations=1 (full 0):
 garbage-first heap   total 262144K, used 35674K [0x0000000700000000, 0x0000000800000000)
  region size 1024K, 36 young (36864K), 2 survivors (2048K)
 Metaspace       used 20482K, capacity 21103K, committed 21248K, reserved 1067008K
  class space    used 2475K, capacity 2766K, committed 2816K, reserved 1048576K
}
Event: 4.266 GC heap after
{Heap after GC invocations=2 (full 0):
 garbage-first heap   total 262144K, used 7057K [0x0000000700000000, 0x0000000800000000)
  region size 1024K, 7 young (7168K), 7 survivors (7168K)
 Metaspace       used 20482K, capacity 21103K, committed 21248K, reserved 1067008K
  class space    used 2475K, capacity 2766K, committed 2816K, reserved 1048576K
}
Event: 7.632 GC heap before
{Heap before GC invocations=3 (full 0):
 garbage-first heap   total 262144K, used 45969K [0x0000000700000000, 0x0000000800000000)
  region size 1024K, 44 young (45056K), 7 survivors (7168K)
 Metaspace       used 33413K, capacity 34594K, committed 34816K, reserved 1079296K
  class space    used 4299K, capacity 4810K, committed 4864K, reserved 1048576K
}
Event: 7.660 GC heap after
{Heap after GC invocations=4 (full 0):
 garbage-first heap   total 262144K, used 14051K [0x0000000700000000, 0x0000000800000000)
  region size 1024K, 5 young (5120K), 5 survivors (5120K)
 Metaspace       used 33413K, capacity 34594K, committed 34816K, reserved 1079296K
  class space    used 4299K, capacity 4810K, committed 4864K, reserved 1048576K
}

