# JRE version: OpenJDK Runtime Environment AdoptOpenJDK-11.0.11+9 (11.0.11+9) (build 11.0.11+9)
# Java VM: OpenJDK 64-Bit Server VM AdoptOpenJDK-11.0.11+9 (11.0.11+9, mixed mode, tiered, compressed oops, g1 gc, bsd-amd64)
Heap:
 garbage-first heap   total 262144K, used 34510K [0x0000000700000000, 0x0000000800000000)
  region size 1024K, 15 young (15360K), 8 survivors (8192K)
 Metaspace       used 38108K, capacity 39577K, committed 39936K, reserved 1083392K
  class space    used 4654K, capacity 5285K, committed 5376K, reserved 1048576K
GC Heap History (12 events):
Event: 1.219 GC heap before
{Heap before GC invocations=0 (full 0):
 garbage-first heap   total 262144K, used 13312K [0x0000000700000000, 0x0000000800000000)
  region size 1024K, 14 young (14336K), 0 survivors (0K)
 Metaspace       used 9039K, capacity 9303K, committed 9472K, reserved 1058816K
  class space    used 913K, capacity 1023K, committed 1024K, reserved 1048576K
}
Event: 1.223 GC heap after
{Heap after GC invocations=1 (full 0):
 garbage-first heap   total 262144K, used 1852K [0x0000000700000000, 0x0000000800000000)
  region size 1024K, 2 young (2048K), 2 survivors (2048K)
 Metaspace       used 9039K, capacity 9303K, committed 9472K, reserved 1058816K
  class space    used 913K, capacity 1023K, committed 1024K, reserved 1048576K
}
Event: 4.328 GC heap before
{Heap before GC invocations=1 (full 0):
 garbage-first heap   total 262144K, used 36668K [0x0000000700000000, 0x0000000800000000)
  region size 1024K, 37 young (37888K), 2 survivors (2048K)
 Metaspace       used 20458K, capacity 21134K, committed 21248K, reserved 1067008K
  class space    used 2465K, capacity 2777K, committed 2816K, reserved 1048576K
}
Event: 4.350 GC heap after
{Heap after GC invocations=2 (full 0):
 garbage-first heap   total 262144K, used 7132K [0x0000000700000000, 0x0000000800000000)
  region size 1024K, 7 young (7168K), 7 survivors (7168K)
 Metaspace       used 20458K, capacity 21134K, committed 21248K, reserved 1067008K
  class space    used 2465K, capacity 2777K, committed 2816K, reserved 1048576K
}
Event: 14.408 GC heap before
{Heap before GC invocations=3 (full 0):
 garbage-first heap   total 262144K, used 46044K [0x0000000700000000, 0x0000000800000000)
  region size 1024K, 44 young (45056K), 7 survivors (7168K)
 Metaspace       used 33295K, capacity 34487K, committed 34560K, reserved 1079296K
  class space    used 4281K, capacity 4795K, committed 4864K, reserved 1048576K
}
Event: 14.427 GC heap after
{Heap after GC invocations=4 (full 0):
 garbage-first heap   total 262144K, used 14049K [0x0000000700000000, 0x0000000800000000)
  region size 1024K, 5 young (5120K), 5 survivors (5120K)
 Metaspace       used 33295K, capacity 34487K, committed 34560K, reserved 1079296K
  class space    used 4281K, capacity 4795K, committed 4864K, reserved 1048576K
}
Event: 14.967 GC heap before
{Heap before GC invocations=4 (full 0):
 garbage-first heap   total 262144K, used 24289K [0x0000000700000000, 0x0000000800000000)
  region size 1024K, 16 young (16384K), 5 survivors (5120K)
 Metaspace       used 34447K, capacity 35585K, committed 35840K, reserved 1081344K
  class space    used 4362K, capacity 4882K, committed 4992K, reserved 1048576K
}
Event: 14.981 GC heap after
{Heap after GC invocations=5 (full 0):
 garbage-first heap   total 262144K, used 17085K [0x0000000700000000, 0x0000000800000000)
  region size 1024K, 3 young (3072K), 3 survivors (3072K)
 Metaspace       used 34447K, capacity 35585K, committed 35840K, reserved 1081344K
  class space    used 4362K, capacity 4882K, committed 4992K, reserved 1048576K
}
Event: 94.164 GC heap before
{Heap before GC invocations=6 (full 0):
 garbage-first heap   total 262144K, used 63165K [0x0000000700000000, 0x0000000800000000)
  region size 1024K, 44 young (45056K), 3 survivors (3072K)
 Metaspace       used 37488K, capacity 38932K, committed 39168K, reserved 1083392K
  class space    used 4636K, capacity 5264K, committed 5376K, reserved 1048576K
}
Event: 94.200 GC heap after
{Heap after GC invocations=7 (full 0):
 garbage-first heap   total 262144K, used 24253K [0x0000000700000000, 0x0000000800000000)
  region size 1024K, 6 young (6144K), 6 survivors (6144K)
 Metaspace       used 37488K, capacity 38932K, committed 39168K, reserved 1083392K
  class space    used 4636K, capacity 5264K, committed 5376K, reserved 1048576K
}
Event: 194.620 GC heap before
{Heap before GC invocations=7 (full 0):
 garbage-first heap   total 262144K, used 79549K [0x0000000700000000, 0x0000000800000000)
  region size 1024K, 60 young (61440K), 6 survivors (6144K)
 Metaspace       used 38069K, capacity 39570K, committed 39936K, reserved 1083392K
  class space    used 4653K, capacity 5284K, committed 5376K, reserved 1048576K
}
Event: 194.639 GC heap after
{Heap after GC invocations=8 (full 0):
 garbage-first heap   total 262144K, used 28366K [0x0000000700000000, 0x0000000800000000)
  region size 1024K, 8 young (8192K), 8 survivors (8192K)
 Metaspace       used 38069K, capacity 39570K, committed 39936K, reserved 1083392K
  class space    used 4653K, capacity 5284K, committed 5376K, reserved 1048576K
}

