# JRE version: OpenJDK Runtime Environment AdoptOpenJDK-11.0.11+9 (11.0.11+9) (build 11.0.11+9)
# Java VM: OpenJDK 64-Bit Server VM AdoptOpenJDK-11.0.11+9 (11.0.11+9, mixed mode, tiered, compressed oops, g1 gc, bsd-amd64)
Heap:
 garbage-first heap   total 262144K, used 34552K [0x0000000700000000, 0x0000000800000000)
  region size 1024K, 21 young (21504K), 3 survivors (3072K)
 Metaspace       used 36443K, capacity 37905K, committed 38220K, reserved 1083392K
  class space    used 4521K, capacity 5138K, committed 5196K, reserved 1048576K
GC Heap History (8 events):
Event: 1.099 GC heap before
{Heap before GC invocations=0 (full 0):
 garbage-first heap   total 262144K, used 13312K [0x0000000700000000, 0x0000000800000000)
  region size 1024K, 14 young (14336K), 0 survivors (0K)
 Metaspace       used 9042K, capacity 9303K, committed 9472K, reserved 1058816K
  class space    used 912K, capacity 1023K, committed 1024K, reserved 1048576K
}
Event: 1.101 GC heap after
{Heap after GC invocations=1 (full 0):
 garbage-first heap   total 262144K, used 1847K [0x0000000700000000, 0x0000000800000000)
  region size 1024K, 2 young (2048K), 2 survivors (2048K)
 Metaspace       used 9042K, capacity 9303K, committed 9472K, reserved 1058816K
  class space    used 912K, capacity 1023K, committed 1024K, reserved 1048576K
}
Event: 3.755 GC heap before
{Heap before GC invocations=1 (full 0):
 garbage-first heap   total 262144K, used 36663K [0x0000000700000000, 0x0000000800000000)
  region size 1024K, 37 young (37888K), 2 survivors (2048K)
 Metaspace       used 20476K, capacity 21107K, committed 21248K, reserved 1067008K
  class space    used 2458K, capacity 2742K, committed 2816K, reserved 1048576K
}
Event: 3.802 GC heap after
{Heap after GC invocations=2 (full 0):
 garbage-first heap   total 262144K, used 6870K [0x0000000700000000, 0x0000000800000000)
  region size 1024K, 7 young (7168K), 7 survivors (7168K)
 Metaspace       used 20476K, capacity 21107K, committed 21248K, reserved 1067008K
  class space    used 2458K, capacity 2742K, committed 2816K, reserved 1048576K
}
Event: 6.536 GC heap before
{Heap before GC invocations=3 (full 0):
 garbage-first heap   total 262144K, used 45782K [0x0000000700000000, 0x0000000800000000)
  region size 1024K, 44 young (45056K), 7 survivors (7168K)
 Metaspace       used 33328K, capacity 34518K, committed 34560K, reserved 1079296K
  class space    used 4284K, capacity 4827K, committed 4864K, reserved 1048576K
}
Event: 6.557 GC heap after
{Heap after GC invocations=4 (full 0):
 garbage-first heap   total 262144K, used 14480K [0x0000000700000000, 0x0000000800000000)
  region size 1024K, 6 young (6144K), 6 survivors (6144K)
 Metaspace       used 33328K, capacity 34518K, committed 34560K, reserved 1079296K
  class space    used 4284K, capacity 4827K, committed 4864K, reserved 1048576K
}
Event: 9.242 GC heap before
{Heap before GC invocations=4 (full 0):
 garbage-first heap   total 262144K, used 24720K [0x0000000700000000, 0x0000000800000000)
  region size 1024K, 17 young (17408K), 6 survivors (6144K)
 Metaspace       used 34456K, capacity 35637K, committed 35840K, reserved 1081344K
  class space    used 4377K, capacity 4918K, committed 4992K, reserved 1048576K
}
Event: 9.270 GC heap after
{Heap after GC invocations=5 (full 0):
 garbage-first heap   total 262144K, used 17144K [0x0000000700000000, 0x0000000800000000)
  region size 1024K, 3 young (3072K), 3 survivors (3072K)
 Metaspace       used 34456K, capacity 35637K, committed 35840K, reserved 1081344K
  class space    used 4377K, capacity 4918K, committed 4992K, reserved 1048576K
}

