# JRE version: OpenJDK Runtime Environment AdoptOpenJDK-11.0.11+9 (11.0.11+9) (build 11.0.11+9)
# Java VM: OpenJDK 64-Bit Server VM AdoptOpenJDK-11.0.11+9 (11.0.11+9, mixed mode, tiered, compressed oops, g1 gc, bsd-amd64)
Heap:
 garbage-first heap   total 262144K, used 25274K [0x0000000700000000, 0x0000000800000000)
  region size 1024K, 12 young (12288K), 3 survivors (3072K)
 Metaspace       used 35927K, capacity 37300K, committed 37632K, reserved 1081344K
  class space    used 4553K, capacity 5144K, committed 5248K, reserved 1048576K
GC Heap History (8 events):
Event: 0.773 GC heap before
{Heap before GC invocations=0 (full 0):
 garbage-first heap   total 262144K, used 13312K [0x0000000700000000, 0x0000000800000000)
  region size 1024K, 14 young (14336K), 0 survivors (0K)
 Metaspace       used 9031K, capacity 9303K, committed 9472K, reserved 1058816K
  class space    used 913K, capacity 1023K, committed 1024K, reserved 1048576K
}
Event: 0.779 GC heap after
{Heap after GC invocations=1 (full 0):
 garbage-first heap   total 262144K, used 1845K [0x0000000700000000, 0x0000000800000000)
  region size 1024K, 2 young (2048K), 2 survivors (2048K)
 Metaspace       used 9031K, capacity 9303K, committed 9472K, reserved 1058816K
  class space    used 913K, capacity 1023K, committed 1024K, reserved 1048576K
}
Event: 3.341 GC heap before
{Heap before GC invocations=1 (full 0):
 garbage-first heap   total 262144K, used 35637K [0x0000000700000000, 0x0000000800000000)
  region size 1024K, 36 young (36864K), 2 survivors (2048K)
 Metaspace       used 20490K, capacity 21139K, committed 21248K, reserved 1067008K
  class space    used 2470K, capacity 2774K, committed 2816K, reserved 1048576K
}
Event: 3.362 GC heap after
{Heap after GC invocations=2 (full 0):
 garbage-first heap   total 262144K, used 7074K [0x0000000700000000, 0x0000000800000000)
  region size 1024K, 7 young (7168K), 7 survivors (7168K)
 Metaspace       used 20490K, capacity 21139K, committed 21248K, reserved 1067008K
  class space    used 2470K, capacity 2774K, committed 2816K, reserved 1048576K
}
Event: 6.122 GC heap before
{Heap before GC invocations=3 (full 0):
 garbage-first heap   total 262144K, used 44962K [0x0000000700000000, 0x0000000800000000)
  region size 1024K, 43 young (44032K), 7 survivors (7168K)
 Metaspace       used 33222K, capacity 34455K, committed 34560K, reserved 1079296K
  class space    used 4271K, capacity 4804K, committed 4864K, reserved 1048576K
}
Event: 6.145 GC heap after
{Heap after GC invocations=4 (full 0):
 garbage-first heap   total 262144K, used 14261K [0x0000000700000000, 0x0000000800000000)
  region size 1024K, 5 young (5120K), 5 survivors (5120K)
 Metaspace       used 33222K, capacity 34455K, committed 34560K, reserved 1079296K
  class space    used 4271K, capacity 4804K, committed 4864K, reserved 1048576K
}
Event: 8.988 GC heap before
{Heap before GC invocations=4 (full 0):
 garbage-first heap   total 262144K, used 23477K [0x0000000700000000, 0x0000000800000000)
  region size 1024K, 15 young (15360K), 5 survivors (5120K)
 Metaspace       used 34503K, capacity 35673K, committed 35840K, reserved 1081344K
  class space    used 4361K, capacity 4906K, committed 4992K, reserved 1048576K
}
Event: 9.014 GC heap after
{Heap after GC invocations=5 (full 0):
 garbage-first heap   total 262144K, used 17082K [0x0000000700000000, 0x0000000800000000)
  region size 1024K, 3 young (3072K), 3 survivors (3072K)
 Metaspace       used 34503K, capacity 35673K, committed 35840K, reserved 1081344K
  class space    used 4361K, capacity 4906K, committed 4992K, reserved 1048576K
}

