# JRE version: OpenJDK Runtime Environment AdoptOpenJDK-11.0.11+9 (11.0.11+9) (build 11.0.11+9)
# Java VM: OpenJDK 64-Bit Server VM AdoptOpenJDK-11.0.11+9 (11.0.11+9, mixed mode, tiered, compressed oops, g1 gc, bsd-amd64)
Heap:
 garbage-first heap   total 262144K, used 53403K [0x0000000700000000, 0x0000000800000000)
  region size 1024K, 30 young (30720K), 4 survivors (4096K)
 Metaspace       used 38528K, capacity 39988K, committed 40320K, reserved 1083392K
  class space    used 4800K, capacity 5405K, committed 5504K, reserved 1048576K
GC Heap History (20 events):
Event: 90.585 GC heap before
{Heap before GC invocations=3 (full 0):
 garbage-first heap   total 262144K, used 52550K [0x0000000700000000, 0x0000000800000000)
  region size 1024K, 47 young (48128K), 8 survivors (8192K)
 Metaspace       used 32522K, capacity 33369K, committed 33536K, reserved 1079296K
  class space    used 3930K, capacity 4293K, committed 4352K, reserved 1048576K
}
Event: 91.921 GC heap after
{Heap after GC invocations=4 (full 0):
 garbage-first heap   total 262144K, used 14506K [0x0000000700000000, 0x0000000800000000)
  region size 1024K, 5 young (5120K), 5 survivors (5120K)
 Metaspace       used 32522K, capacity 33369K, committed 33536K, reserved 1079296K
  class space    used 3930K, capacity 4293K, committed 4352K, reserved 1048576K
}
Event: 165.325 GC heap before
{Heap before GC invocations=4 (full 0):
 garbage-first heap   total 262144K, used 21674K [0x0000000700000000, 0x0000000800000000)
  region size 1024K, 12 young (12288K), 5 survivors (5120K)
 Metaspace       used 32736K, capacity 33625K, committed 33792K, reserved 1079296K
  class space    used 3930K, capacity 4293K, committed 4352K, reserved 1048576K
}
Event: 166.226 GC heap after
{Heap after GC invocations=5 (full 0):
 garbage-first heap   total 262144K, used 15113K [0x0000000700000000, 0x0000000800000000)
  region size 1024K, 1 young (1024K), 1 survivors (1024K)
 Metaspace       used 32736K, capacity 33625K, committed 33792K, reserved 1079296K
  class space    used 3930K, capacity 4293K, committed 4352K, reserved 1048576K
}
Event: 179.996 GC heap before
{Heap before GC invocations=5 (full 0):
 garbage-first heap   total 262144K, used 26377K [0x0000000700000000, 0x0000000800000000)
  region size 1024K, 12 young (12288K), 1 survivors (1024K)
 Metaspace       used 33037K, capacity 33883K, committed 34048K, reserved 1079296K
  class space    used 3931K, capacity 4293K, committed 4352K, reserved 1048576K
}
Event: 179.999 GC heap after
{Heap after GC invocations=6 (full 0):
 garbage-first heap   total 262144K, used 15223K [0x0000000700000000, 0x0000000800000000)
  region size 1024K, 1 young (1024K), 1 survivors (1024K)
 Metaspace       used 33037K, capacity 33883K, committed 34048K, reserved 1079296K
  class space    used 3931K, capacity 4293K, committed 4352K, reserved 1048576K
}
Event: 248.110 GC heap before
{Heap before GC invocations=6 (full 0):
 garbage-first heap   total 262144K, used 26487K [0x0000000700000000, 0x0000000800000000)
  region size 1024K, 12 young (12288K), 1 survivors (1024K)
 Metaspace       used 33177K, capacity 34081K, committed 34304K, reserved 1079296K
  class space    used 3931K, capacity 4293K, committed 4352K, reserved 1048576K
}
Event: 248.124 GC heap after
{Heap after GC invocations=7 (full 0):
 garbage-first heap   total 262144K, used 15010K [0x0000000700000000, 0x0000000800000000)
  region size 1024K, 1 young (1024K), 1 survivors (1024K)
 Metaspace       used 33177K, capacity 34081K, committed 34304K, reserved 1079296K
  class space    used 3931K, capacity 4293K, committed 4352K, reserved 1048576K
}
Event: 460.737 GC heap before
{Heap before GC invocations=7 (full 0):
 garbage-first heap   total 262144K, used 25250K [0x0000000700000000, 0x0000000800000000)
  region size 1024K, 12 young (12288K), 1 survivors (1024K)
 Metaspace       used 33366K, capacity 34211K, committed 34560K, reserved 1079296K
  class space    used 3931K, capacity 4293K, committed 4352K, reserved 1048576K
}
Event: 460.740 GC heap after
{Heap after GC invocations=8 (full 0):
 garbage-first heap   total 262144K, used 15310K [0x0000000700000000, 0x0000000800000000)
  region size 1024K, 1 young (1024K), 1 survivors (1024K)
 Metaspace       used 33366K, capacity 34211K, committed 34560K, reserved 1079296K
  class space    used 3931K, capacity 4293K, committed 4352K, reserved 1048576K
}
Event: 467.087 GC heap before
{Heap before GC invocations=8 (full 0):
 garbage-first heap   total 262144K, used 47054K [0x0000000700000000, 0x0000000800000000)
  region size 1024K, 17 young (17408K), 1 survivors (1024K)
 Metaspace       used 33485K, capacity 34340K, committed 34560K, reserved 1079296K
  class space    used 3931K, capacity 4293K, committed 4352K, reserved 1048576K
}
Event: 467.094 GC heap after
{Heap after GC invocations=9 (full 0):
 garbage-first heap   total 262144K, used 18910K [0x0000000700000000, 0x0000000800000000)
  region size 1024K, 2 young (2048K), 2 survivors (2048K)
 Metaspace       used 33485K, capacity 34340K, committed 34560K, reserved 1079296K
  class space    used 3931K, capacity 4293K, committed 4352K, reserved 1048576K
}
Event: 523.416 GC heap before
{Heap before GC invocations=9 (full 0):
 garbage-first heap   total 262144K, used 37342K [0x0000000700000000, 0x0000000800000000)
  region size 1024K, 20 young (20480K), 2 survivors (2048K)
 Metaspace       used 33734K, capacity 34595K, committed 34816K, reserved 1079296K
  class space    used 3952K, capacity 4337K, committed 4352K, reserved 1048576K
}
Event: 523.418 GC heap after
{Heap after GC invocations=10 (full 0):
 garbage-first heap   total 262144K, used 18727K [0x0000000700000000, 0x0000000800000000)
  region size 1024K, 2 young (2048K), 2 survivors (2048K)
 Metaspace       used 33734K, capacity 34595K, committed 34816K, reserved 1079296K
  class space    used 3952K, capacity 4337K, committed 4352K, reserved 1048576K
}
Event: 577.517 GC heap before
{Heap before GC invocations=10 (full 0):
 garbage-first heap   total 262144K, used 43303K [0x0000000700000000, 0x0000000800000000)
  region size 1024K, 26 young (26624K), 2 survivors (2048K)
 Metaspace       used 34485K, capacity 35410K, committed 35712K, reserved 1081344K
  class space    used 4050K, capacity 4458K, committed 4480K, reserved 1048576K
}
Event: 577.520 GC heap after
{Heap after GC invocations=11 (full 0):
 garbage-first heap   total 262144K, used 19341K [0x0000000700000000, 0x0000000800000000)
  region size 1024K, 2 young (2048K), 2 survivors (2048K)
 Metaspace       used 34485K, capacity 35410K, committed 35712K, reserved 1081344K
  class space    used 4050K, capacity 4458K, committed 4480K, reserved 1048576K
}
Event: 577.570 GC heap before
{Heap before GC invocations=11 (full 0):
 garbage-first heap   total 262144K, used 21389K [0x0000000700000000, 0x0000000800000000)
  region size 1024K, 5 young (5120K), 2 survivors (2048K)
 Metaspace       used 34814K, capacity 35683K, committed 35840K, reserved 1081344K
  class space    used 4113K, capacity 4505K, committed 4608K, reserved 1048576K
}
Event: 577.574 GC heap after
{Heap after GC invocations=12 (full 0):
 garbage-first heap   total 262144K, used 19525K [0x0000000700000000, 0x0000000800000000)
  region size 1024K, 3 young (3072K), 3 survivors (3072K)
 Metaspace       used 34814K, capacity 35683K, committed 35840K, reserved 1081344K
  class space    used 4113K, capacity 4505K, committed 4608K, reserved 1048576K
}
Event: 582.561 GC heap before
{Heap before GC invocations=13 (full 0):
 garbage-first heap   total 262144K, used 45125K [0x0000000700000000, 0x0000000800000000)
  region size 1024K, 30 young (30720K), 3 survivors (3072K)
 Metaspace       used 37354K, capacity 38648K, committed 38784K, reserved 1083392K
  class space    used 4627K, capacity 5188K, committed 5248K, reserved 1048576K
}
Event: 582.580 GC heap after
{Heap after GC invocations=14 (full 0):
 garbage-first heap   total 262144K, used 21659K [0x0000000700000000, 0x0000000800000000)
  region size 1024K, 4 young (4096K), 4 survivors (4096K)
 Metaspace       used 37354K, capacity 38648K, committed 38784K, reserved 1083392K
  class space    used 4627K, capacity 5188K, committed 5248K, reserved 1048576K
}

